build/outputs/logs/manifest-merger-debug-report.txt
-- Merging decision tree log ---
manifest
ADDED from ETest\AndroidManifest.xml:2:1-50:12
	package
		ADDED from ETest\AndroidManifest.xml:3:5-37
	android:versionName
		ADDED from ETest\AndroidManifest.xml:5:5-30
		INJECTED from ETest\AndroidManifest.xml
		INJECTED from ETest\AndroidManifest.xml
	android:versionCode
		ADDED from ETest\AndroidManifest.xml:4:5-29
		INJECTED from ETest\AndroidManifest.xml
		INJECTED from ETest\AndroidManifest.xml
	xmlns:android
		ADDED from ETest\AndroidManifest.xml:2:11-69
uses-sdk
ADDED from ETest\AndroidManifest.xml:7:5-43
	android:minSdkVersion
		ADDED from ETest\AndroidManifest.xml:7:15-40
application
ADDED from ETest\AndroidManifest.xml:9:5-38:19
	android:label
		ADDED from ETest\AndroidManifest.xml:11:18-50
	android:icon
		ADDED from ETest\AndroidManifest.xml:10:18-47
	android:theme
		ADDED from ETest\AndroidManifest.xml:12:18-65
	android:name
		ADDED from ETest\AndroidManifest.xml:9:18-53
activity#com.netease.qa.emmagee.activity.MainPageActivity
ADDED from ETest\AndroidManifest.xml:13:9-22:20
	android:screenOrientation
		ADDED from ETest\AndroidManifest.xml:17:17-53
	android:launchMode
		ADDED from ETest\AndroidManifest.xml:16:17-52
	android:configChanges
		ADDED from ETest\AndroidManifest.xml:15:17-67
	android:name
		ADDED from ETest\AndroidManifest.xml:14:17-58
intent-filter#android.intent.action.MAIN+android.intent.category.LAUNCHER
ADDED from ETest\AndroidManifest.xml:18:13-21:29
action#android.intent.action.MAIN
ADDED from ETest\AndroidManifest.xml:19:17-68
	android:name
		ADDED from ETest\AndroidManifest.xml:19:25-66
category#android.intent.category.LAUNCHER
ADDED from ETest\AndroidManifest.xml:20:17-76
	android:name
		ADDED from ETest\AndroidManifest.xml:20:27-74
activity#com.netease.qa.emmagee.activity.SettingsActivity
ADDED from ETest\AndroidManifest.xml:24:9-26:57
	android:screenOrientation
		ADDED from ETest\AndroidManifest.xml:26:19-55
	android:theme
		ADDED from ETest\AndroidManifest.xml:25:16-50
	android:name
		ADDED from ETest\AndroidManifest.xml:24:19-60
activity#com.netease.qa.emmagee.activity.AboutActivity
ADDED from ETest\AndroidManifest.xml:28:9-29:57
	android:screenOrientation
		ADDED from ETest\AndroidManifest.xml:29:19-55
	android:name
		ADDED from ETest\AndroidManifest.xml:28:19-57
activity#com.netease.qa.emmagee.activity.MailSettingsActivity
ADDED from ETest\AndroidManifest.xml:31:9-32:57
	android:screenOrientation
		ADDED from ETest\AndroidManifest.xml:32:19-55
	android:name
		ADDED from ETest\AndroidManifest.xml:31:19-64
activity#com.netease.qa.emmagee.activity.ServerSettingsActivity
ADDED from ETest\AndroidManifest.xml:34:9-35:57
	android:screenOrientation
		ADDED from ETest\AndroidManifest.xml:35:19-55
	android:name
		ADDED from ETest\AndroidManifest.xml:34:19-66
service#com.netease.qa.emmagee.service.EmmageeService
ADDED from ETest\AndroidManifest.xml:37:9-80
	android:name
		ADDED from ETest\AndroidManifest.xml:37:18-78
uses-permission#android.permission.SYSTEM_ALERT_WINDOW
ADDED from ETest\AndroidManifest.xml:40:5-77
	android:name
		ADDED from ETest\AndroidManifest.xml:40:22-75
uses-permission#android.permission.MOUNT_UNMOUNT_FILESYSTEMS
ADDED from ETest\AndroidManifest.xml:41:5-83
	android:name
		ADDED from ETest\AndroidManifest.xml:41:22-81
uses-permission#android.permission.WRITE_EXTERNAL_STORAGE
ADDED from ETest\AndroidManifest.xml:42:5-80
	android:name
		ADDED from ETest\AndroidManifest.xml:42:22-78
uses-permission#android.permission.READ_LOGS
ADDED from ETest\AndroidManifest.xml:43:5-67
	android:name
		ADDED from ETest\AndroidManifest.xml:43:22-65
uses-permission#android.permission.ACCESS_WIFI_STATE
ADDED from ETest\AndroidManifest.xml:44:5-75
	android:name
		ADDED from ETest\AndroidManifest.xml:44:22-73
uses-permission#android.permission.CHANGE_WIFI_STATE
ADDED from ETest\AndroidManifest.xml:45:5-75
	android:name
		ADDED from ETest\AndroidManifest.xml:45:22-73
uses-permission#android.permission.WAKE_LOCK
ADDED from ETest\AndroidManifest.xml:46:5-67
	android:name
		ADDED from ETest\AndroidManifest.xml:46:22-65
uses-permission#android.permission.INTERNET
ADDED from ETest\AndroidManifest.xml:47:5-66
	android:name
		ADDED from ETest\AndroidManifest.xml:47:22-64
uses-permission#android.permission.ACCESS_NETWORK_STATE
ADDED from ETest\AndroidManifest.xml:48:5-78
	android:name
		ADDED from ETest\AndroidManifest.xml:48:22-76
uses-permission#android.permission.GET_TASKS
ADDED from ETest\AndroidManifest.xml:49:5-67
	android:name
		ADDED from ETest\AndroidManifest.xml:49:22-65